
 /----------------------------------------------------------------------------\
 |  yosys -- Yosys Open SYnthesis Suite                                       |
 |  Copyright (C) 2012 - 2024  Claire Xenia Wolf <claire@yosyshq.com>         |
 |  Distributed under an ISC-like license, type "license" to see terms        |
 \----------------------------------------------------------------------------/
 Yosys 0.41+108 (git sha1 557968567, aarch64-apple-darwin21.4-clang++ 14.0.0-1ubuntu1.1 -fPIC -Os)

-- Executing script file `run.ys' --

1. Executing Verilog-2005 frontend: ../../../partitions/spm.genblk1.27.csa.y.sv
Parsing SystemVerilog input from `../../../partitions/spm.genblk1.27.csa.y.sv' to AST representation.
Generating RTLIL representation for module `\miter'.
Generating RTLIL representation for module `\miter_cmp_prop'.
Generating RTLIL representation for module `\miter_def_prop'.
Generating RTLIL representation for module `\gold.spm.genblk1.27.csa.y'.
Generating RTLIL representation for module `\gate.spm.genblk1.27.csa.y'.
Successfully finished Verilog frontend.

2. Executing RTLIL frontend.
Input filename: ../../../partitions/spm.genblk1.27.csa.y.il
Replacing existing blackbox module \gate.spm.genblk1.27.csa.y.
Replacing existing blackbox module \gold.spm.genblk1.27.csa.y.

3. Executing HIERARCHY pass (managing design hierarchy).

3.1. Analyzing design hierarchy..
Top module:  \miter
Used module:     \miter_cmp_prop
Used module:     \gate.spm.genblk1.27.csa.y
Used module:     \gold.spm.genblk1.27.csa.y
Parameter 1 (\WIDTH) = 1
Parameter 2 (\TYPE) = 48'011000010111001101110011011001010111001001110100

3.2. Executing AST frontend in derive mode using pre-parsed AST for module `\miter_cmp_prop'.
Parameter 1 (\WIDTH) = 1
Parameter 2 (\TYPE) = 48'011000010111001101110011011001010111001001110100
Generating RTLIL representation for module `$paramod$7c68cd0f50b67350b96c971f2e7bf39c83376225\miter_cmp_prop'.

3.3. Analyzing design hierarchy..
Top module:  \miter
Used module:     $paramod$7c68cd0f50b67350b96c971f2e7bf39c83376225\miter_cmp_prop
Used module:     \gate.spm.genblk1.27.csa.y
Used module:     \gold.spm.genblk1.27.csa.y

3.4. Analyzing design hierarchy..
Top module:  \miter
Used module:     $paramod$7c68cd0f50b67350b96c971f2e7bf39c83376225\miter_cmp_prop
Used module:     \gate.spm.genblk1.27.csa.y
Used module:     \gold.spm.genblk1.27.csa.y
Removing unused module `\miter_def_prop'.
Removing unused module `\miter_cmp_prop'.
Removed 2 unused modules.
Module $paramod$7c68cd0f50b67350b96c971f2e7bf39c83376225\miter_cmp_prop directly or indirectly contains formal properties -> setting "keep" attribute.
Module miter directly or indirectly contains formal properties -> setting "keep" attribute.
Mapping positional arguments of cell miter.__po_genblk1[27].csa.y__assert ($paramod$7c68cd0f50b67350b96c971f2e7bf39c83376225\miter_cmp_prop).

4. Executing PROC pass (convert processes to netlists).

4.1. Executing PROC_CLEAN pass (remove empty switches from decision trees).
Cleaned up 0 empty switches.

4.2. Executing PROC_RMDEAD pass (remove dead branches from decision trees).
Removed a total of 0 dead cases.

4.3. Executing PROC_PRUNE pass (remove redundant assignments in processes).
Removed 1 redundant assignment.
Promoted 3 assignments to connections.

4.4. Executing PROC_INIT pass (extract init attributes).

4.5. Executing PROC_ARST pass (detect async resets in processes).

4.6. Executing PROC_ROM pass (convert switches to ROMs).
Converted 0 switches.

4.7. Executing PROC_MUX pass (convert decision trees to multiplexers).
Creating decoders for process `$paramod$7c68cd0f50b67350b96c971f2e7bf39c83376225\miter_cmp_prop.$proc$../../../partitions/spm.genblk1.27.csa.y.sv:66$5134'.
Creating decoders for process `$paramod$7c68cd0f50b67350b96c971f2e7bf39c83376225\miter_cmp_prop.$proc$../../../partitions/spm.genblk1.27.csa.y.sv:60$5129'.

4.8. Executing PROC_DLATCH pass (convert process syncs to latches).
No latch inferred for signal `$paramod$7c68cd0f50b67350b96c971f2e7bf39c83376225\miter_cmp_prop.\okay' from process `$paramod$7c68cd0f50b67350b96c971f2e7bf39c83376225\miter_cmp_prop.$proc$../../../partitions/spm.genblk1.27.csa.y.sv:60$5129'.
No latch inferred for signal `$paramod$7c68cd0f50b67350b96c971f2e7bf39c83376225\miter_cmp_prop.\i' from process `$paramod$7c68cd0f50b67350b96c971f2e7bf39c83376225\miter_cmp_prop.$proc$../../../partitions/spm.genblk1.27.csa.y.sv:60$5129'.

4.9. Executing PROC_DFF pass (convert process syncs to FFs).

4.10. Executing PROC_MEMWR pass (convert process memory writes to cells).

4.11. Executing PROC_CLEAN pass (remove empty switches from decision trees).
Removing empty process `$paramod$7c68cd0f50b67350b96c971f2e7bf39c83376225\miter_cmp_prop.$proc$../../../partitions/spm.genblk1.27.csa.y.sv:66$5134'.
Removing empty process `$paramod$7c68cd0f50b67350b96c971f2e7bf39c83376225\miter_cmp_prop.$proc$../../../partitions/spm.genblk1.27.csa.y.sv:60$5129'.
Cleaned up 0 empty switches.

4.12. Executing OPT_EXPR pass (perform const folding).
Optimizing module gate.spm.genblk1.27.csa.y.
Optimizing module $paramod$7c68cd0f50b67350b96c971f2e7bf39c83376225\miter_cmp_prop.
<suppressed ~1 debug messages>
Optimizing module gold.spm.genblk1.27.csa.y.
Optimizing module miter.

5. Executing ASYNC2SYNC pass.

6. Executing FORMALFF pass.

7. Executing SETUNDEF pass (replace undef values with defined constants).

8. Executing FLATTEN pass (flatten design).
Deleting now unused module gate.spm.genblk1.27.csa.y.
Deleting now unused module $paramod$7c68cd0f50b67350b96c971f2e7bf39c83376225\miter_cmp_prop.
Deleting now unused module gold.spm.genblk1.27.csa.y.
<suppressed ~3 debug messages>

9. Executing DFFUNMAP pass (unmap clock enable and synchronous reset from FFs).

10. Executing OPT_EXPR pass (perform const folding).
Optimizing module miter.
<suppressed ~1 debug messages>

11. Executing OPT_CLEAN pass (remove unused cells and wires).
Finding unused cells or wires in module \miter..
Removed 1 unused cells and 7 unused wires.
<suppressed ~503 debug messages>

12. Executing SAT pass (solving SAT problems in the circuit).

Setting up time step 1:
Final constraint equation: { } = { }
Import def constraint for this timestep: \__pi_clk
Import def constraint for this timestep: \__pi_rst
Import def constraint for this timestep: \__pi_genblk1[28].csa.hsum2
Imported 15 cells to SAT database.
Import proof for assert: \__po_genblk1[27].csa.y__assert.okay when 1'1.

** Trying induction with length 1 **

Setting up time step 1:
Final constraint equation: { } = { }
Import def constraint for this timestep: \__pi_clk
Import def constraint for this timestep: \__pi_rst
Import def constraint for this timestep: \__pi_genblk1[28].csa.hsum2
Imported 15 cells to SAT database.
Final init constraint equation: $flatten\gold.\genblk1[28].csa.$auto$async2sync.cc:228:execute$46 = 1'x
Import proof for assert: \__po_genblk1[27].csa.y__assert.okay when 1'1.
Import show expression: \__pi_clk
Import show expression: \__pi_genblk1[28].csa.hsum2
Import show expression: \__pi_rst
Import show expression: \__po_genblk1[27].csa.y__assert.i
Import show expression: \__po_genblk1[27].csa.y__assert.in_gate
Import show expression: \__po_genblk1[27].csa.y__assert.in_gold
Import show expression: \__po_genblk1[27].csa.y__assert.okay
Import show expression: \__po_genblk1[27].csa.y__gate
Import show expression: \__po_genblk1[27].csa.y__gold
Import show expression: \gate._092_
Import show expression: \gate._199_
Import show expression: \gate._200_
Import show expression: \gate._201_
Import show expression: \gate._202_
Import show expression: \gate._203_
Import show expression: \gate._204_
Import show expression: \gate._205_
Import show expression: \gate._372_.A
Import show expression: \gate._372_.X
Import show expression: \gate._372_.base.A
Import show expression: \gate._372_.base.X
Import show expression: \gate._372_.base.buf0_out_X
Import show expression: \gate._373_.A
Import show expression: \gate._373_.X
Import show expression: \gate._373_.base.A
Import show expression: \gate._373_.base.X
Import show expression: \gate._373_.base.buf0_out_X
Import show expression: \gate._374_.A
Import show expression: \gate._374_.base.A
Import show expression: \gate._375_.A
Import show expression: \gate._375_.base.A
Import show expression: \gate._376_.A
Import show expression: \gate._376_.base.A
Import show expression: \gate._377_.A
Import show expression: \gate._377_.base.A
Import show expression: \gate._378_.A
Import show expression: \gate._378_.base.A
Import show expression: \gate._379_.A
Import show expression: \gate._379_.base.A
Import show expression: \gate._380_.A
Import show expression: \gate._380_.base.A
Import show expression: \gate._381_.A
Import show expression: \gate._381_.base.A
Import show expression: \gate._382_.A
Import show expression: \gate._382_.base.A
Import show expression: \gate._383_.A
Import show expression: \gate._383_.base.A
Import show expression: \gate._384_.A
Import show expression: \gate._384_.X
Import show expression: \gate._384_.base.A
Import show expression: \gate._384_.base.X
Import show expression: \gate._384_.base.buf0_out_X
Import show expression: \gate._385_.A
Import show expression: \gate._385_.base.A
Import show expression: \gate._386_.A
Import show expression: \gate._386_.base.A
Import show expression: \gate._387_.A
Import show expression: \gate._387_.base.A
Import show expression: \gate._388_.A
Import show expression: \gate._388_.base.A
Import show expression: \gate._389_.A
Import show expression: \gate._389_.base.A
Import show expression: \gate._390_.A
Import show expression: \gate._390_.base.A
Import show expression: \gate._391_.A
Import show expression: \gate._391_.base.A
Import show expression: \gate._392_.A
Import show expression: \gate._392_.base.A
Import show expression: \gate._393_.A
Import show expression: \gate._393_.base.A
Import show expression: \gate._394_.A
Import show expression: \gate._394_.base.A
Import show expression: \gate._395_.A
Import show expression: \gate._395_.X
Import show expression: \gate._395_.base.A
Import show expression: \gate._395_.base.X
Import show expression: \gate._395_.base.buf0_out_X
Import show expression: \gate._396_.A
Import show expression: \gate._396_.base.A
Import show expression: \gate._397_.A
Import show expression: \gate._397_.base.A
Import show expression: \gate._398_.A
Import show expression: \gate._398_.base.A
Import show expression: \gate._399_.A
Import show expression: \gate._399_.base.A
Import show expression: \gate._400_.A
Import show expression: \gate._400_.base.A
Import show expression: \gate._401_.A
Import show expression: \gate._401_.base.A
Import show expression: \gate._402_.A
Import show expression: \gate._402_.base.A
Import show expression: \gate._403_.A
Import show expression: \gate._403_.base.A
Import show expression: \gate._404_.A
Import show expression: \gate._404_.base.A
Import show expression: \gate._405_.A
Import show expression: \gate._405_.base.A
Import show expression: \gate._406_.A
Import show expression: \gate._406_.X
Import show expression: \gate._406_.base.A
Import show expression: \gate._406_.base.X
Import show expression: \gate._406_.base.buf0_out_X
Import show expression: \gate._407_.A
Import show expression: \gate._407_.base.A
Import show expression: \gate._408_.A
Import show expression: \gate._408_.base.A
Import show expression: \gate._409_.A
Import show expression: \gate._409_.base.A
Import show expression: \gate._410_.A
Import show expression: \gate._410_.base.A
Import show expression: \gate._411_.A
Import show expression: \gate._411_.base.A
Import show expression: \gate._412_.A
Import show expression: \gate._412_.base.A
Import show expression: \gate._413_.A
Import show expression: \gate._413_.base.A
Import show expression: \gate._414_.A
Import show expression: \gate._414_.base.A
Import show expression: \gate._415_.A
Import show expression: \gate._415_.base.A
Import show expression: \gate._416_.A
Import show expression: \gate._416_.base.A
Import show expression: \gate._417_.A
Import show expression: \gate._417_.X
Import show expression: \gate._417_.base.A
Import show expression: \gate._417_.base.X
Import show expression: \gate._417_.base.buf0_out_X
Import show expression: \gate._418_.A
Import show expression: \gate._418_.base.A
Import show expression: \gate._419_.A
Import show expression: \gate._419_.base.A
Import show expression: \gate._420_.A
Import show expression: \gate._420_.base.A
Import show expression: \gate._421_.A
Import show expression: \gate._421_.base.A
Import show expression: \gate._422_.A
Import show expression: \gate._422_.base.A
Import show expression: \gate._423_.A
Import show expression: \gate._423_.base.A
Import show expression: \gate._424_.A
Import show expression: \gate._424_.base.A
Import show expression: \gate._425_.A
Import show expression: \gate._425_.base.A
Import show expression: \gate._426_.A
Import show expression: \gate._426_.base.A
Import show expression: \gate._427_.A
Import show expression: \gate._427_.base.A
Import show expression: \gate._428_.A
Import show expression: \gate._428_.X
Import show expression: \gate._428_.base.A
Import show expression: \gate._428_.base.X
Import show expression: \gate._428_.base.buf0_out_X
Import show expression: \gate._429_.A
Import show expression: \gate._429_.base.A
Import show expression: \gate._430_.A
Import show expression: \gate._430_.base.A
Import show expression: \gate._431_.A
Import show expression: \gate._431_.base.A
Import show expression: \gate._432_.A
Import show expression: \gate._432_.base.A
Import show expression: \gate._433_.A
Import show expression: \gate._433_.base.A
Import show expression: \gate._434_.A
Import show expression: \gate._434_.base.A
Import show expression: \gate._435_.A
Import show expression: \gate._435_.base.A
Import show expression: \gate._436_.A
Import show expression: \gate._436_.base.A
Import show expression: \gate._437_.A
Import show expression: \gate._437_.base.A
Import show expression: \gate._438_.A
Import show expression: \gate._438_.Y
Import show expression: \gate._438_.base.A
Import show expression: \gate._438_.base.Y
Import show expression: \gate._438_.base.not0_out_Y
Import show expression: \gate._439_.A
Import show expression: \gate._439_.base.A
Import show expression: \gate._440_.A
Import show expression: \gate._440_.base.A
Import show expression: \gate._441_.A
Import show expression: \gate._441_.base.A
Import show expression: \gate._442_.A
Import show expression: \gate._442_.base.A
Import show expression: \gate._443_.CLK
Import show expression: \gate._443_.base.CLK
Import show expression: \gate._443_.base.dff0.CLK
Import show expression: \gate._444_.CLK
Import show expression: \gate._444_.base.CLK
Import show expression: \gate._444_.base.dff0.CLK
Import show expression: \gate._445_.CLK
Import show expression: \gate._445_.base.CLK
Import show expression: \gate._445_.base.dff0.CLK
Import show expression: \gate._446_.CLK
Import show expression: \gate._446_.base.CLK
Import show expression: \gate._446_.base.dff0.CLK
Import show expression: \gate._447_.CLK
Import show expression: \gate._447_.base.CLK
Import show expression: \gate._447_.base.dff0.CLK
Import show expression: \gate._448_.CLK
Import show expression: \gate._448_.base.CLK
Import show expression: \gate._448_.base.dff0.CLK
Import show expression: \gate._449_.CLK
Import show expression: \gate._449_.base.CLK
Import show expression: \gate._449_.base.dff0.CLK
Import show expression: \gate._450_.CLK
Import show expression: \gate._450_.base.CLK
Import show expression: \gate._450_.base.dff0.CLK
Import show expression: \gate._451_.CLK
Import show expression: \gate._451_.base.CLK
Import show expression: \gate._451_.base.dff0.CLK
Import show expression: \gate._452_.CLK
Import show expression: \gate._452_.base.CLK
Import show expression: \gate._452_.base.dff0.CLK
Import show expression: \gate._453_.CLK
Import show expression: \gate._453_.base.CLK
Import show expression: \gate._453_.base.dff0.CLK
Import show expression: \gate._454_.CLK
Import show expression: \gate._454_.base.CLK
Import show expression: \gate._454_.base.dff0.CLK
Import show expression: \gate._455_.CLK
Import show expression: \gate._455_.base.CLK
Import show expression: \gate._455_.base.dff0.CLK
Import show expression: \gate._456_.CLK
Import show expression: \gate._456_.base.CLK
Import show expression: \gate._456_.base.dff0.CLK
Import show expression: \gate._457_.CLK
Import show expression: \gate._457_.base.CLK
Import show expression: \gate._457_.base.dff0.CLK
Import show expression: \gate._458_.CLK
Import show expression: \gate._458_.base.CLK
Import show expression: \gate._458_.base.dff0.CLK
Import show expression: \gate._459_.CLK
Import show expression: \gate._459_.base.CLK
Import show expression: \gate._459_.base.dff0.CLK
Import show expression: \gate._460_.CLK
Import show expression: \gate._460_.base.CLK
Import show expression: \gate._460_.base.dff0.CLK
Import show expression: \gate._461_.CLK
Import show expression: \gate._461_.base.CLK
Import show expression: \gate._461_.base.dff0.CLK
Import show expression: \gate._462_.CLK
Import show expression: \gate._462_.base.CLK
Import show expression: \gate._462_.base.dff0.CLK
Import show expression: \gate._463_.CLK
Import show expression: \gate._463_.base.CLK
Import show expression: \gate._463_.base.dff0.CLK
Import show expression: \gate._464_.CLK
Import show expression: \gate._464_.base.CLK
Import show expression: \gate._464_.base.dff0.CLK
Import show expression: \gate._465_.CLK
Import show expression: \gate._465_.base.CLK
Import show expression: \gate._465_.base.dff0.CLK
Import show expression: \gate._466_.CLK
Import show expression: \gate._466_.base.CLK
Import show expression: \gate._466_.base.dff0.CLK
Import show expression: \gate._467_.CLK
Import show expression: \gate._467_.base.CLK
Import show expression: \gate._467_.base.dff0.CLK
Import show expression: \gate._468_.CLK
Import show expression: \gate._468_.base.CLK
Import show expression: \gate._468_.base.dff0.CLK
Import show expression: \gate._469_.CLK
Import show expression: \gate._469_.base.CLK
Import show expression: \gate._469_.base.dff0.CLK
Import show expression: \gate._470_.CLK
Import show expression: \gate._470_.base.CLK
Import show expression: \gate._470_.base.dff0.CLK
Import show expression: \gate._471_.CLK
Import show expression: \gate._471_.base.CLK
Import show expression: \gate._471_.base.dff0.CLK
Import show expression: \gate._472_.CLK
Import show expression: \gate._472_.base.CLK
Import show expression: \gate._472_.base.dff0.CLK
Import show expression: \gate._473_.CLK
Import show expression: \gate._473_.base.CLK
Import show expression: \gate._473_.base.dff0.CLK
Import show expression: \gate._474_.CLK
Import show expression: \gate._474_.base.CLK
Import show expression: \gate._474_.base.dff0.CLK
Import show expression: \gate._475_.CLK
Import show expression: \gate._475_.base.CLK
Import show expression: \gate._475_.base.dff0.CLK
Import show expression: \gate._476_.CLK
Import show expression: \gate._476_.base.CLK
Import show expression: \gate._476_.base.dff0.CLK
Import show expression: \gate._477_.CLK
Import show expression: \gate._477_.base.CLK
Import show expression: \gate._477_.base.dff0.CLK
Import show expression: \gate._478_.CLK
Import show expression: \gate._478_.base.CLK
Import show expression: \gate._478_.base.dff0.CLK
Import show expression: \gate._479_.CLK
Import show expression: \gate._479_.base.CLK
Import show expression: \gate._479_.base.dff0.CLK
Import show expression: \gate._480_.CLK
Import show expression: \gate._480_.base.CLK
Import show expression: \gate._480_.base.dff0.CLK
Import show expression: \gate._481_.CLK
Import show expression: \gate._481_.base.CLK
Import show expression: \gate._481_.base.dff0.CLK
Import show expression: \gate._482_.CLK
Import show expression: \gate._482_.base.CLK
Import show expression: \gate._482_.base.dff0.CLK
Import show expression: \gate._483_.CLK
Import show expression: \gate._483_.base.CLK
Import show expression: \gate._483_.base.dff0.CLK
Import show expression: \gate._484_.CLK
Import show expression: \gate._484_.base.CLK
Import show expression: \gate._484_.base.dff0.CLK
Import show expression: \gate._485_.CLK
Import show expression: \gate._485_.base.CLK
Import show expression: \gate._485_.base.dff0.CLK
Import show expression: \gate._486_.CLK
Import show expression: \gate._486_.base.CLK
Import show expression: \gate._486_.base.dff0.CLK
Import show expression: \gate._487_.CLK
Import show expression: \gate._487_.base.CLK
Import show expression: \gate._487_.base.dff0.CLK
Import show expression: \gate._488_.CLK
Import show expression: \gate._488_.base.CLK
Import show expression: \gate._488_.base.dff0.CLK
Import show expression: \gate._489_.CLK
Import show expression: \gate._489_.base.CLK
Import show expression: \gate._489_.base.dff0.CLK
Import show expression: \gate._490_.CLK
Import show expression: \gate._490_.base.CLK
Import show expression: \gate._490_.base.dff0.CLK
Import show expression: \gate._491_.CLK
Import show expression: \gate._491_.base.CLK
Import show expression: \gate._491_.base.dff0.CLK
Import show expression: \gate._492_.CLK
Import show expression: \gate._492_.base.CLK
Import show expression: \gate._492_.base.dff0.CLK
Import show expression: \gate._493_.CLK
Import show expression: \gate._493_.base.CLK
Import show expression: \gate._493_.base.dff0.CLK
Import show expression: \gate._494_.CLK
Import show expression: \gate._494_.base.CLK
Import show expression: \gate._494_.base.dff0.CLK
Import show expression: \gate._495_.CLK
Import show expression: \gate._495_.base.CLK
Import show expression: \gate._495_.base.dff0.CLK
Import show expression: \gate._496_.CLK
Import show expression: \gate._496_.base.CLK
Import show expression: \gate._496_.base.dff0.CLK
Import show expression: \gate._497_.CLK
Import show expression: \gate._497_.base.CLK
Import show expression: \gate._497_.base.dff0.CLK
Import show expression: \gate._498_.CLK
Import show expression: \gate._498_.base.CLK
Import show expression: \gate._498_.base.dff0.CLK
Import show expression: \gate._499_.CLK
Import show expression: \gate._499_.base.CLK
Import show expression: \gate._499_.base.dff0.CLK
Import show expression: \gate._500_.CLK
Import show expression: \gate._500_.base.CLK
Import show expression: \gate._500_.base.dff0.CLK
Import show expression: \gate._501_.CLK
Import show expression: \gate._501_.base.CLK
Import show expression: \gate._501_.base.dff0.CLK
Import show expression: \gate._502_.CLK
Import show expression: \gate._502_.D
Import show expression: \gate._502_.Q
Import show expression: \gate._502_.RESET_B
Import show expression: \gate._502_.base.CLK
Import show expression: \gate._502_.base.D
Import show expression: \gate._502_.base.Q
Import show expression: \gate._502_.base.RESET
Import show expression: \gate._502_.base.RESET_B
Import show expression: \gate._502_.base.buf_Q
Import show expression: \gate._502_.base.dff0.CLK
Import show expression: \gate._502_.base.dff0.D
Import show expression: \gate._502_.base.dff0.Q
Import show expression: \gate._502_.base.dff0.RESET
Import show expression: \gate._503_.CLK
Import show expression: \gate._503_.base.CLK
Import show expression: \gate._503_.base.dff0.CLK
Import show expression: \gate._504_.CLK
Import show expression: \gate._504_.base.CLK
Import show expression: \gate._504_.base.dff0.CLK
Import show expression: \gate._505_.CLK
Import show expression: \gate._505_.base.CLK
Import show expression: \gate._505_.base.dff0.CLK
Import show expression: \gate._506_.CLK
Import show expression: \gate._506_.base.CLK
Import show expression: \gate._506_.base.dff0.CLK
Import show expression: \gate.__pi_clk
Import show expression: \gate.__pi_genblk1[28].csa.hsum2
Import show expression: \gate.__pi_rst
Import show expression: \gate.__po_genblk1[27].csa.y
Import show expression: \gate.clk
Import show expression: \gate.clkbuf_0_clk.A
Import show expression: \gate.clkbuf_0_clk.X
Import show expression: \gate.clkbuf_0_clk.base.A
Import show expression: \gate.clkbuf_0_clk.base.X
Import show expression: \gate.clkbuf_0_clk.base.buf0_out_X
Import show expression: \gate.clkbuf_3_0__f_clk.A
Import show expression: \gate.clkbuf_3_0__f_clk.X
Import show expression: \gate.clkbuf_3_0__f_clk.base.A
Import show expression: \gate.clkbuf_3_0__f_clk.base.X
Import show expression: \gate.clkbuf_3_0__f_clk.base.buf0_out_X
Import show expression: \gate.clkbuf_3_1__f_clk.A
Import show expression: \gate.clkbuf_3_1__f_clk.X
Import show expression: \gate.clkbuf_3_1__f_clk.base.A
Import show expression: \gate.clkbuf_3_1__f_clk.base.X
Import show expression: \gate.clkbuf_3_1__f_clk.base.buf0_out_X
Import show expression: \gate.clkbuf_3_2__f_clk.A
Import show expression: \gate.clkbuf_3_2__f_clk.X
Import show expression: \gate.clkbuf_3_2__f_clk.base.A
Import show expression: \gate.clkbuf_3_2__f_clk.base.X
Import show expression: \gate.clkbuf_3_2__f_clk.base.buf0_out_X
Import show expression: \gate.clkbuf_3_3__f_clk.A
Import show expression: \gate.clkbuf_3_3__f_clk.X
Import show expression: \gate.clkbuf_3_3__f_clk.base.A
Import show expression: \gate.clkbuf_3_3__f_clk.base.X
Import show expression: \gate.clkbuf_3_3__f_clk.base.buf0_out_X
Import show expression: \gate.clkbuf_3_4__f_clk.A
Import show expression: \gate.clkbuf_3_4__f_clk.X
Import show expression: \gate.clkbuf_3_4__f_clk.base.A
Import show expression: \gate.clkbuf_3_4__f_clk.base.X
Import show expression: \gate.clkbuf_3_4__f_clk.base.buf0_out_X
Import show expression: \gate.clkbuf_3_5__f_clk.A
Import show expression: \gate.clkbuf_3_5__f_clk.X
Import show expression: \gate.clkbuf_3_5__f_clk.base.A
Import show expression: \gate.clkbuf_3_5__f_clk.base.X
Import show expression: \gate.clkbuf_3_5__f_clk.base.buf0_out_X
Import show expression: \gate.clkbuf_3_6__f_clk.A
Import show expression: \gate.clkbuf_3_6__f_clk.X
Import show expression: \gate.clkbuf_3_6__f_clk.base.A
Import show expression: \gate.clkbuf_3_6__f_clk.base.X
Import show expression: \gate.clkbuf_3_6__f_clk.base.buf0_out_X
Import show expression: \gate.clkbuf_3_7__f_clk.A
Import show expression: \gate.clkbuf_3_7__f_clk.X
Import show expression: \gate.clkbuf_3_7__f_clk.base.A
Import show expression: \gate.clkbuf_3_7__f_clk.base.X
Import show expression: \gate.clkbuf_3_7__f_clk.base.buf0_out_X
Import show expression: \gate.clknet_0_clk
Import show expression: \gate.clknet_3_0__leaf_clk
Import show expression: \gate.clknet_3_1__leaf_clk
Import show expression: \gate.clknet_3_2__leaf_clk
Import show expression: \gate.clknet_3_3__leaf_clk
Import show expression: \gate.clknet_3_4__leaf_clk
Import show expression: \gate.clknet_3_5__leaf_clk
Import show expression: \gate.clknet_3_6__leaf_clk
Import show expression: \gate.clknet_3_7__leaf_clk
Import show expression: \gate.genblk1[27].csa.y
Import show expression: \gate.genblk1[28].csa.hsum2
Import show expression: \gate.input1.A
Import show expression: \gate.input1.X
Import show expression: \gate.input1.base.A
Import show expression: \gate.input1.base.X
Import show expression: \gate.input1.base.buf0_out_X
Import show expression: \gate.net1
Import show expression: \gate.rst
Import show expression: \gold.__pi_clk
Import show expression: \gold.__pi_genblk1[28].csa.hsum2
Import show expression: \gold.__pi_rst
Import show expression: \gold.__po_genblk1[27].csa.y
Import show expression: \gold.clk
Import show expression: \gold.csa0.clk
Import show expression: \gold.csa0.rst
Import show expression: \gold.genblk1[10].csa.clk
Import show expression: \gold.genblk1[10].csa.rst
Import show expression: \gold.genblk1[11].csa.clk
Import show expression: \gold.genblk1[11].csa.rst
Import show expression: \gold.genblk1[12].csa.clk
Import show expression: \gold.genblk1[12].csa.rst
Import show expression: \gold.genblk1[13].csa.clk
Import show expression: \gold.genblk1[13].csa.rst
Import show expression: \gold.genblk1[14].csa.clk
Import show expression: \gold.genblk1[14].csa.rst
Import show expression: \gold.genblk1[15].csa.clk
Import show expression: \gold.genblk1[15].csa.rst
Import show expression: \gold.genblk1[16].csa.clk
Import show expression: \gold.genblk1[16].csa.rst
Import show expression: \gold.genblk1[17].csa.clk
Import show expression: \gold.genblk1[17].csa.rst
Import show expression: \gold.genblk1[18].csa.clk
Import show expression: \gold.genblk1[18].csa.rst
Import show expression: \gold.genblk1[19].csa.clk
Import show expression: \gold.genblk1[19].csa.rst
Import show expression: \gold.genblk1[1].csa.clk
Import show expression: \gold.genblk1[1].csa.rst
Import show expression: \gold.genblk1[20].csa.clk
Import show expression: \gold.genblk1[20].csa.rst
Import show expression: \gold.genblk1[21].csa.clk
Import show expression: \gold.genblk1[21].csa.rst
Import show expression: \gold.genblk1[22].csa.clk
Import show expression: \gold.genblk1[22].csa.rst
Import show expression: \gold.genblk1[23].csa.clk
Import show expression: \gold.genblk1[23].csa.rst
Import show expression: \gold.genblk1[24].csa.clk
Import show expression: \gold.genblk1[24].csa.rst
Import show expression: \gold.genblk1[25].csa.clk
Import show expression: \gold.genblk1[25].csa.rst
Import show expression: \gold.genblk1[26].csa.clk
Import show expression: \gold.genblk1[26].csa.rst
Import show expression: \gold.genblk1[27].csa.clk
Import show expression: \gold.genblk1[27].csa.rst
Import show expression: \gold.genblk1[27].csa.y
Import show expression: \gold.genblk1[28].csa.clk
Import show expression: \gold.genblk1[28].csa.hsum2
Import show expression: \gold.genblk1[28].csa.rst
Import show expression: \gold.genblk1[28].csa.sum
Import show expression: \gold.genblk1[29].csa.clk
Import show expression: \gold.genblk1[29].csa.rst
Import show expression: \gold.genblk1[2].csa.clk
Import show expression: \gold.genblk1[2].csa.rst
Import show expression: \gold.genblk1[30].csa.clk
Import show expression: \gold.genblk1[30].csa.rst
Import show expression: \gold.genblk1[3].csa.clk
Import show expression: \gold.genblk1[3].csa.rst
Import show expression: \gold.genblk1[4].csa.clk
Import show expression: \gold.genblk1[4].csa.rst
Import show expression: \gold.genblk1[5].csa.clk
Import show expression: \gold.genblk1[5].csa.rst
Import show expression: \gold.genblk1[6].csa.clk
Import show expression: \gold.genblk1[6].csa.rst
Import show expression: \gold.genblk1[7].csa.clk
Import show expression: \gold.genblk1[7].csa.rst
Import show expression: \gold.genblk1[8].csa.clk
Import show expression: \gold.genblk1[8].csa.rst
Import show expression: \gold.genblk1[9].csa.clk
Import show expression: \gold.genblk1[9].csa.rst
Import show expression: \gold.pp
Import show expression: \gold.rst
Import show expression: \gold.tcmp.clk
Import show expression: \gold.tcmp.rst

[base case 1] Solving problem with 187 variables and 481 clauses..
Base case for induction length 1 proven.

Setting up time step 2:
Final constraint equation: { } = { }
Import def constraint for this timestep: \__pi_clk
Import def constraint for this timestep: \__pi_rst
Import def constraint for this timestep: \__pi_genblk1[28].csa.hsum2
Imported 15 cells to SAT database.
Import proof for assert: \__po_genblk1[27].csa.y__assert.okay when 1'1.
Import show expression: \__pi_clk
Import show expression: \__pi_genblk1[28].csa.hsum2
Import show expression: \__pi_rst
Import show expression: \__po_genblk1[27].csa.y__assert.i
Import show expression: \__po_genblk1[27].csa.y__assert.in_gate
Import show expression: \__po_genblk1[27].csa.y__assert.in_gold
Import show expression: \__po_genblk1[27].csa.y__assert.okay
Import show expression: \__po_genblk1[27].csa.y__gate
Import show expression: \__po_genblk1[27].csa.y__gold
Import show expression: \gate._092_
Import show expression: \gate._199_
Import show expression: \gate._200_
Import show expression: \gate._201_
Import show expression: \gate._202_
Import show expression: \gate._203_
Import show expression: \gate._204_
Import show expression: \gate._205_
Import show expression: \gate._372_.A
Import show expression: \gate._372_.X
Import show expression: \gate._372_.base.A
Import show expression: \gate._372_.base.X
Import show expression: \gate._372_.base.buf0_out_X
Import show expression: \gate._373_.A
Import show expression: \gate._373_.X
Import show expression: \gate._373_.base.A
Import show expression: \gate._373_.base.X
Import show expression: \gate._373_.base.buf0_out_X
Import show expression: \gate._374_.A
Import show expression: \gate._374_.base.A
Import show expression: \gate._375_.A
Import show expression: \gate._375_.base.A
Import show expression: \gate._376_.A
Import show expression: \gate._376_.base.A
Import show expression: \gate._377_.A
Import show expression: \gate._377_.base.A
Import show expression: \gate._378_.A
Import show expression: \gate._378_.base.A
Import show expression: \gate._379_.A
Import show expression: \gate._379_.base.A
Import show expression: \gate._380_.A
Import show expression: \gate._380_.base.A
Import show expression: \gate._381_.A
Import show expression: \gate._381_.base.A
Import show expression: \gate._382_.A
Import show expression: \gate._382_.base.A
Import show expression: \gate._383_.A
Import show expression: \gate._383_.base.A
Import show expression: \gate._384_.A
Import show expression: \gate._384_.X
Import show expression: \gate._384_.base.A
Import show expression: \gate._384_.base.X
Import show expression: \gate._384_.base.buf0_out_X
Import show expression: \gate._385_.A
Import show expression: \gate._385_.base.A
Import show expression: \gate._386_.A
Import show expression: \gate._386_.base.A
Import show expression: \gate._387_.A
Import show expression: \gate._387_.base.A
Import show expression: \gate._388_.A
Import show expression: \gate._388_.base.A
Import show expression: \gate._389_.A
Import show expression: \gate._389_.base.A
Import show expression: \gate._390_.A
Import show expression: \gate._390_.base.A
Import show expression: \gate._391_.A
Import show expression: \gate._391_.base.A
Import show expression: \gate._392_.A
Import show expression: \gate._392_.base.A
Import show expression: \gate._393_.A
Import show expression: \gate._393_.base.A
Import show expression: \gate._394_.A
Import show expression: \gate._394_.base.A
Import show expression: \gate._395_.A
Import show expression: \gate._395_.X
Import show expression: \gate._395_.base.A
Import show expression: \gate._395_.base.X
Import show expression: \gate._395_.base.buf0_out_X
Import show expression: \gate._396_.A
Import show expression: \gate._396_.base.A
Import show expression: \gate._397_.A
Import show expression: \gate._397_.base.A
Import show expression: \gate._398_.A
Import show expression: \gate._398_.base.A
Import show expression: \gate._399_.A
Import show expression: \gate._399_.base.A
Import show expression: \gate._400_.A
Import show expression: \gate._400_.base.A
Import show expression: \gate._401_.A
Import show expression: \gate._401_.base.A
Import show expression: \gate._402_.A
Import show expression: \gate._402_.base.A
Import show expression: \gate._403_.A
Import show expression: \gate._403_.base.A
Import show expression: \gate._404_.A
Import show expression: \gate._404_.base.A
Import show expression: \gate._405_.A
Import show expression: \gate._405_.base.A
Import show expression: \gate._406_.A
Import show expression: \gate._406_.X
Import show expression: \gate._406_.base.A
Import show expression: \gate._406_.base.X
Import show expression: \gate._406_.base.buf0_out_X
Import show expression: \gate._407_.A
Import show expression: \gate._407_.base.A
Import show expression: \gate._408_.A
Import show expression: \gate._408_.base.A
Import show expression: \gate._409_.A
Import show expression: \gate._409_.base.A
Import show expression: \gate._410_.A
Import show expression: \gate._410_.base.A
Import show expression: \gate._411_.A
Import show expression: \gate._411_.base.A
Import show expression: \gate._412_.A
Import show expression: \gate._412_.base.A
Import show expression: \gate._413_.A
Import show expression: \gate._413_.base.A
Import show expression: \gate._414_.A
Import show expression: \gate._414_.base.A
Import show expression: \gate._415_.A
Import show expression: \gate._415_.base.A
Import show expression: \gate._416_.A
Import show expression: \gate._416_.base.A
Import show expression: \gate._417_.A
Import show expression: \gate._417_.X
Import show expression: \gate._417_.base.A
Import show expression: \gate._417_.base.X
Import show expression: \gate._417_.base.buf0_out_X
Import show expression: \gate._418_.A
Import show expression: \gate._418_.base.A
Import show expression: \gate._419_.A
Import show expression: \gate._419_.base.A
Import show expression: \gate._420_.A
Import show expression: \gate._420_.base.A
Import show expression: \gate._421_.A
Import show expression: \gate._421_.base.A
Import show expression: \gate._422_.A
Import show expression: \gate._422_.base.A
Import show expression: \gate._423_.A
Import show expression: \gate._423_.base.A
Import show expression: \gate._424_.A
Import show expression: \gate._424_.base.A
Import show expression: \gate._425_.A
Import show expression: \gate._425_.base.A
Import show expression: \gate._426_.A
Import show expression: \gate._426_.base.A
Import show expression: \gate._427_.A
Import show expression: \gate._427_.base.A
Import show expression: \gate._428_.A
Import show expression: \gate._428_.X
Import show expression: \gate._428_.base.A
Import show expression: \gate._428_.base.X
Import show expression: \gate._428_.base.buf0_out_X
Import show expression: \gate._429_.A
Import show expression: \gate._429_.base.A
Import show expression: \gate._430_.A
Import show expression: \gate._430_.base.A
Import show expression: \gate._431_.A
Import show expression: \gate._431_.base.A
Import show expression: \gate._432_.A
Import show expression: \gate._432_.base.A
Import show expression: \gate._433_.A
Import show expression: \gate._433_.base.A
Import show expression: \gate._434_.A
Import show expression: \gate._434_.base.A
Import show expression: \gate._435_.A
Import show expression: \gate._435_.base.A
Import show expression: \gate._436_.A
Import show expression: \gate._436_.base.A
Import show expression: \gate._437_.A
Import show expression: \gate._437_.base.A
Import show expression: \gate._438_.A
Import show expression: \gate._438_.Y
Import show expression: \gate._438_.base.A
Import show expression: \gate._438_.base.Y
Import show expression: \gate._438_.base.not0_out_Y
Import show expression: \gate._439_.A
Import show expression: \gate._439_.base.A
Import show expression: \gate._440_.A
Import show expression: \gate._440_.base.A
Import show expression: \gate._441_.A
Import show expression: \gate._441_.base.A
Import show expression: \gate._442_.A
Import show expression: \gate._442_.base.A
Import show expression: \gate._443_.CLK
Import show expression: \gate._443_.base.CLK
Import show expression: \gate._443_.base.dff0.CLK
Import show expression: \gate._444_.CLK
Import show expression: \gate._444_.base.CLK
Import show expression: \gate._444_.base.dff0.CLK
Import show expression: \gate._445_.CLK
Import show expression: \gate._445_.base.CLK
Import show expression: \gate._445_.base.dff0.CLK
Import show expression: \gate._446_.CLK
Import show expression: \gate._446_.base.CLK
Import show expression: \gate._446_.base.dff0.CLK
Import show expression: \gate._447_.CLK
Import show expression: \gate._447_.base.CLK
Import show expression: \gate._447_.base.dff0.CLK
Import show expression: \gate._448_.CLK
Import show expression: \gate._448_.base.CLK
Import show expression: \gate._448_.base.dff0.CLK
Import show expression: \gate._449_.CLK
Import show expression: \gate._449_.base.CLK
Import show expression: \gate._449_.base.dff0.CLK
Import show expression: \gate._450_.CLK
Import show expression: \gate._450_.base.CLK
Import show expression: \gate._450_.base.dff0.CLK
Import show expression: \gate._451_.CLK
Import show expression: \gate._451_.base.CLK
Import show expression: \gate._451_.base.dff0.CLK
Import show expression: \gate._452_.CLK
Import show expression: \gate._452_.base.CLK
Import show expression: \gate._452_.base.dff0.CLK
Import show expression: \gate._453_.CLK
Import show expression: \gate._453_.base.CLK
Import show expression: \gate._453_.base.dff0.CLK
Import show expression: \gate._454_.CLK
Import show expression: \gate._454_.base.CLK
Import show expression: \gate._454_.base.dff0.CLK
Import show expression: \gate._455_.CLK
Import show expression: \gate._455_.base.CLK
Import show expression: \gate._455_.base.dff0.CLK
Import show expression: \gate._456_.CLK
Import show expression: \gate._456_.base.CLK
Import show expression: \gate._456_.base.dff0.CLK
Import show expression: \gate._457_.CLK
Import show expression: \gate._457_.base.CLK
Import show expression: \gate._457_.base.dff0.CLK
Import show expression: \gate._458_.CLK
Import show expression: \gate._458_.base.CLK
Import show expression: \gate._458_.base.dff0.CLK
Import show expression: \gate._459_.CLK
Import show expression: \gate._459_.base.CLK
Import show expression: \gate._459_.base.dff0.CLK
Import show expression: \gate._460_.CLK
Import show expression: \gate._460_.base.CLK
Import show expression: \gate._460_.base.dff0.CLK
Import show expression: \gate._461_.CLK
Import show expression: \gate._461_.base.CLK
Import show expression: \gate._461_.base.dff0.CLK
Import show expression: \gate._462_.CLK
Import show expression: \gate._462_.base.CLK
Import show expression: \gate._462_.base.dff0.CLK
Import show expression: \gate._463_.CLK
Import show expression: \gate._463_.base.CLK
Import show expression: \gate._463_.base.dff0.CLK
Import show expression: \gate._464_.CLK
Import show expression: \gate._464_.base.CLK
Import show expression: \gate._464_.base.dff0.CLK
Import show expression: \gate._465_.CLK
Import show expression: \gate._465_.base.CLK
Import show expression: \gate._465_.base.dff0.CLK
Import show expression: \gate._466_.CLK
Import show expression: \gate._466_.base.CLK
Import show expression: \gate._466_.base.dff0.CLK
Import show expression: \gate._467_.CLK
Import show expression: \gate._467_.base.CLK
Import show expression: \gate._467_.base.dff0.CLK
Import show expression: \gate._468_.CLK
Import show expression: \gate._468_.base.CLK
Import show expression: \gate._468_.base.dff0.CLK
Import show expression: \gate._469_.CLK
Import show expression: \gate._469_.base.CLK
Import show expression: \gate._469_.base.dff0.CLK
Import show expression: \gate._470_.CLK
Import show expression: \gate._470_.base.CLK
Import show expression: \gate._470_.base.dff0.CLK
Import show expression: \gate._471_.CLK
Import show expression: \gate._471_.base.CLK
Import show expression: \gate._471_.base.dff0.CLK
Import show expression: \gate._472_.CLK
Import show expression: \gate._472_.base.CLK
Import show expression: \gate._472_.base.dff0.CLK
Import show expression: \gate._473_.CLK
Import show expression: \gate._473_.base.CLK
Import show expression: \gate._473_.base.dff0.CLK
Import show expression: \gate._474_.CLK
Import show expression: \gate._474_.base.CLK
Import show expression: \gate._474_.base.dff0.CLK
Import show expression: \gate._475_.CLK
Import show expression: \gate._475_.base.CLK
Import show expression: \gate._475_.base.dff0.CLK
Import show expression: \gate._476_.CLK
Import show expression: \gate._476_.base.CLK
Import show expression: \gate._476_.base.dff0.CLK
Import show expression: \gate._477_.CLK
Import show expression: \gate._477_.base.CLK
Import show expression: \gate._477_.base.dff0.CLK
Import show expression: \gate._478_.CLK
Import show expression: \gate._478_.base.CLK
Import show expression: \gate._478_.base.dff0.CLK
Import show expression: \gate._479_.CLK
Import show expression: \gate._479_.base.CLK
Import show expression: \gate._479_.base.dff0.CLK
Import show expression: \gate._480_.CLK
Import show expression: \gate._480_.base.CLK
Import show expression: \gate._480_.base.dff0.CLK
Import show expression: \gate._481_.CLK
Import show expression: \gate._481_.base.CLK
Import show expression: \gate._481_.base.dff0.CLK
Import show expression: \gate._482_.CLK
Import show expression: \gate._482_.base.CLK
Import show expression: \gate._482_.base.dff0.CLK
Import show expression: \gate._483_.CLK
Import show expression: \gate._483_.base.CLK
Import show expression: \gate._483_.base.dff0.CLK
Import show expression: \gate._484_.CLK
Import show expression: \gate._484_.base.CLK
Import show expression: \gate._484_.base.dff0.CLK
Import show expression: \gate._485_.CLK
Import show expression: \gate._485_.base.CLK
Import show expression: \gate._485_.base.dff0.CLK
Import show expression: \gate._486_.CLK
Import show expression: \gate._486_.base.CLK
Import show expression: \gate._486_.base.dff0.CLK
Import show expression: \gate._487_.CLK
Import show expression: \gate._487_.base.CLK
Import show expression: \gate._487_.base.dff0.CLK
Import show expression: \gate._488_.CLK
Import show expression: \gate._488_.base.CLK
Import show expression: \gate._488_.base.dff0.CLK
Import show expression: \gate._489_.CLK
Import show expression: \gate._489_.base.CLK
Import show expression: \gate._489_.base.dff0.CLK
Import show expression: \gate._490_.CLK
Import show expression: \gate._490_.base.CLK
Import show expression: \gate._490_.base.dff0.CLK
Import show expression: \gate._491_.CLK
Import show expression: \gate._491_.base.CLK
Import show expression: \gate._491_.base.dff0.CLK
Import show expression: \gate._492_.CLK
Import show expression: \gate._492_.base.CLK
Import show expression: \gate._492_.base.dff0.CLK
Import show expression: \gate._493_.CLK
Import show expression: \gate._493_.base.CLK
Import show expression: \gate._493_.base.dff0.CLK
Import show expression: \gate._494_.CLK
Import show expression: \gate._494_.base.CLK
Import show expression: \gate._494_.base.dff0.CLK
Import show expression: \gate._495_.CLK
Import show expression: \gate._495_.base.CLK
Import show expression: \gate._495_.base.dff0.CLK
Import show expression: \gate._496_.CLK
Import show expression: \gate._496_.base.CLK
Import show expression: \gate._496_.base.dff0.CLK
Import show expression: \gate._497_.CLK
Import show expression: \gate._497_.base.CLK
Import show expression: \gate._497_.base.dff0.CLK
Import show expression: \gate._498_.CLK
Import show expression: \gate._498_.base.CLK
Import show expression: \gate._498_.base.dff0.CLK
Import show expression: \gate._499_.CLK
Import show expression: \gate._499_.base.CLK
Import show expression: \gate._499_.base.dff0.CLK
Import show expression: \gate._500_.CLK
Import show expression: \gate._500_.base.CLK
Import show expression: \gate._500_.base.dff0.CLK
Import show expression: \gate._501_.CLK
Import show expression: \gate._501_.base.CLK
Import show expression: \gate._501_.base.dff0.CLK
Import show expression: \gate._502_.CLK
Import show expression: \gate._502_.D
Import show expression: \gate._502_.Q
Import show expression: \gate._502_.RESET_B
Import show expression: \gate._502_.base.CLK
Import show expression: \gate._502_.base.D
Import show expression: \gate._502_.base.Q
Import show expression: \gate._502_.base.RESET
Import show expression: \gate._502_.base.RESET_B
Import show expression: \gate._502_.base.buf_Q
Import show expression: \gate._502_.base.dff0.CLK
Import show expression: \gate._502_.base.dff0.D
Import show expression: \gate._502_.base.dff0.Q
Import show expression: \gate._502_.base.dff0.RESET
Import show expression: \gate._503_.CLK
Import show expression: \gate._503_.base.CLK
Import show expression: \gate._503_.base.dff0.CLK
Import show expression: \gate._504_.CLK
Import show expression: \gate._504_.base.CLK
Import show expression: \gate._504_.base.dff0.CLK
Import show expression: \gate._505_.CLK
Import show expression: \gate._505_.base.CLK
Import show expression: \gate._505_.base.dff0.CLK
Import show expression: \gate._506_.CLK
Import show expression: \gate._506_.base.CLK
Import show expression: \gate._506_.base.dff0.CLK
Import show expression: \gate.__pi_clk
Import show expression: \gate.__pi_genblk1[28].csa.hsum2
Import show expression: \gate.__pi_rst
Import show expression: \gate.__po_genblk1[27].csa.y
Import show expression: \gate.clk
Import show expression: \gate.clkbuf_0_clk.A
Import show expression: \gate.clkbuf_0_clk.X
Import show expression: \gate.clkbuf_0_clk.base.A
Import show expression: \gate.clkbuf_0_clk.base.X
Import show expression: \gate.clkbuf_0_clk.base.buf0_out_X
Import show expression: \gate.clkbuf_3_0__f_clk.A
Import show expression: \gate.clkbuf_3_0__f_clk.X
Import show expression: \gate.clkbuf_3_0__f_clk.base.A
Import show expression: \gate.clkbuf_3_0__f_clk.base.X
Import show expression: \gate.clkbuf_3_0__f_clk.base.buf0_out_X
Import show expression: \gate.clkbuf_3_1__f_clk.A
Import show expression: \gate.clkbuf_3_1__f_clk.X
Import show expression: \gate.clkbuf_3_1__f_clk.base.A
Import show expression: \gate.clkbuf_3_1__f_clk.base.X
Import show expression: \gate.clkbuf_3_1__f_clk.base.buf0_out_X
Import show expression: \gate.clkbuf_3_2__f_clk.A
Import show expression: \gate.clkbuf_3_2__f_clk.X
Import show expression: \gate.clkbuf_3_2__f_clk.base.A
Import show expression: \gate.clkbuf_3_2__f_clk.base.X
Import show expression: \gate.clkbuf_3_2__f_clk.base.buf0_out_X
Import show expression: \gate.clkbuf_3_3__f_clk.A
Import show expression: \gate.clkbuf_3_3__f_clk.X
Import show expression: \gate.clkbuf_3_3__f_clk.base.A
Import show expression: \gate.clkbuf_3_3__f_clk.base.X
Import show expression: \gate.clkbuf_3_3__f_clk.base.buf0_out_X
Import show expression: \gate.clkbuf_3_4__f_clk.A
Import show expression: \gate.clkbuf_3_4__f_clk.X
Import show expression: \gate.clkbuf_3_4__f_clk.base.A
Import show expression: \gate.clkbuf_3_4__f_clk.base.X
Import show expression: \gate.clkbuf_3_4__f_clk.base.buf0_out_X
Import show expression: \gate.clkbuf_3_5__f_clk.A
Import show expression: \gate.clkbuf_3_5__f_clk.X
Import show expression: \gate.clkbuf_3_5__f_clk.base.A
Import show expression: \gate.clkbuf_3_5__f_clk.base.X
Import show expression: \gate.clkbuf_3_5__f_clk.base.buf0_out_X
Import show expression: \gate.clkbuf_3_6__f_clk.A
Import show expression: \gate.clkbuf_3_6__f_clk.X
Import show expression: \gate.clkbuf_3_6__f_clk.base.A
Import show expression: \gate.clkbuf_3_6__f_clk.base.X
Import show expression: \gate.clkbuf_3_6__f_clk.base.buf0_out_X
Import show expression: \gate.clkbuf_3_7__f_clk.A
Import show expression: \gate.clkbuf_3_7__f_clk.X
Import show expression: \gate.clkbuf_3_7__f_clk.base.A
Import show expression: \gate.clkbuf_3_7__f_clk.base.X
Import show expression: \gate.clkbuf_3_7__f_clk.base.buf0_out_X
Import show expression: \gate.clknet_0_clk
Import show expression: \gate.clknet_3_0__leaf_clk
Import show expression: \gate.clknet_3_1__leaf_clk
Import show expression: \gate.clknet_3_2__leaf_clk
Import show expression: \gate.clknet_3_3__leaf_clk
Import show expression: \gate.clknet_3_4__leaf_clk
Import show expression: \gate.clknet_3_5__leaf_clk
Import show expression: \gate.clknet_3_6__leaf_clk
Import show expression: \gate.clknet_3_7__leaf_clk
Import show expression: \gate.genblk1[27].csa.y
Import show expression: \gate.genblk1[28].csa.hsum2
Import show expression: \gate.input1.A
Import show expression: \gate.input1.X
Import show expression: \gate.input1.base.A
Import show expression: \gate.input1.base.X
Import show expression: \gate.input1.base.buf0_out_X
Import show expression: \gate.net1
Import show expression: \gate.rst
Import show expression: \gold.__pi_clk
Import show expression: \gold.__pi_genblk1[28].csa.hsum2
Import show expression: \gold.__pi_rst
Import show expression: \gold.__po_genblk1[27].csa.y
Import show expression: \gold.clk
Import show expression: \gold.csa0.clk
Import show expression: \gold.csa0.rst
Import show expression: \gold.genblk1[10].csa.clk
Import show expression: \gold.genblk1[10].csa.rst
Import show expression: \gold.genblk1[11].csa.clk
Import show expression: \gold.genblk1[11].csa.rst
Import show expression: \gold.genblk1[12].csa.clk
Import show expression: \gold.genblk1[12].csa.rst
Import show expression: \gold.genblk1[13].csa.clk
Import show expression: \gold.genblk1[13].csa.rst
Import show expression: \gold.genblk1[14].csa.clk
Import show expression: \gold.genblk1[14].csa.rst
Import show expression: \gold.genblk1[15].csa.clk
Import show expression: \gold.genblk1[15].csa.rst
Import show expression: \gold.genblk1[16].csa.clk
Import show expression: \gold.genblk1[16].csa.rst
Import show expression: \gold.genblk1[17].csa.clk
Import show expression: \gold.genblk1[17].csa.rst
Import show expression: \gold.genblk1[18].csa.clk
Import show expression: \gold.genblk1[18].csa.rst
Import show expression: \gold.genblk1[19].csa.clk
Import show expression: \gold.genblk1[19].csa.rst
Import show expression: \gold.genblk1[1].csa.clk
Import show expression: \gold.genblk1[1].csa.rst
Import show expression: \gold.genblk1[20].csa.clk
Import show expression: \gold.genblk1[20].csa.rst
Import show expression: \gold.genblk1[21].csa.clk
Import show expression: \gold.genblk1[21].csa.rst
Import show expression: \gold.genblk1[22].csa.clk
Import show expression: \gold.genblk1[22].csa.rst
Import show expression: \gold.genblk1[23].csa.clk
Import show expression: \gold.genblk1[23].csa.rst
Import show expression: \gold.genblk1[24].csa.clk
Import show expression: \gold.genblk1[24].csa.rst
Import show expression: \gold.genblk1[25].csa.clk
Import show expression: \gold.genblk1[25].csa.rst
Import show expression: \gold.genblk1[26].csa.clk
Import show expression: \gold.genblk1[26].csa.rst
Import show expression: \gold.genblk1[27].csa.clk
Import show expression: \gold.genblk1[27].csa.rst
Import show expression: \gold.genblk1[27].csa.y
Import show expression: \gold.genblk1[28].csa.clk
Import show expression: \gold.genblk1[28].csa.hsum2
Import show expression: \gold.genblk1[28].csa.rst
Import show expression: \gold.genblk1[28].csa.sum
Import show expression: \gold.genblk1[29].csa.clk
Import show expression: \gold.genblk1[29].csa.rst
Import show expression: \gold.genblk1[2].csa.clk
Import show expression: \gold.genblk1[2].csa.rst
Import show expression: \gold.genblk1[30].csa.clk
Import show expression: \gold.genblk1[30].csa.rst
Import show expression: \gold.genblk1[3].csa.clk
Import show expression: \gold.genblk1[3].csa.rst
Import show expression: \gold.genblk1[4].csa.clk
Import show expression: \gold.genblk1[4].csa.rst
Import show expression: \gold.genblk1[5].csa.clk
Import show expression: \gold.genblk1[5].csa.rst
Import show expression: \gold.genblk1[6].csa.clk
Import show expression: \gold.genblk1[6].csa.rst
Import show expression: \gold.genblk1[7].csa.clk
Import show expression: \gold.genblk1[7].csa.rst
Import show expression: \gold.genblk1[8].csa.clk
Import show expression: \gold.genblk1[8].csa.rst
Import show expression: \gold.genblk1[9].csa.clk
Import show expression: \gold.genblk1[9].csa.rst
Import show expression: \gold.pp
Import show expression: \gold.rst
Import show expression: \gold.tcmp.clk
Import show expression: \gold.tcmp.rst

[induction step 1] Solving problem with 382 variables and 986 clauses..
Induction step proven: SUCCESS!

                  /$$$$$$      /$$$$$$$$     /$$$$$$$    
                 /$$__  $$    | $$_____/    | $$__  $$   
                | $$  \ $$    | $$          | $$  \ $$   
                | $$  | $$    | $$$$$       | $$  | $$   
                | $$  | $$    | $$__/       | $$  | $$   
                | $$/$$ $$    | $$          | $$  | $$   
                |  $$$$$$/ /$$| $$$$$$$$ /$$| $$$$$$$//$$
                 \____ $$$|__/|________/|__/|_______/|__/
                       \__/                              

End of script. Logfile hash: 2ae0362778, CPU: user 0.04s system 0.01s
Yosys 0.41+108 (git sha1 557968567, aarch64-apple-darwin21.4-clang++ 14.0.0-1ubuntu1.1 -fPIC -Os)
Time spent: 32% 1x sat (0 sec), 24% 2x opt_expr (0 sec), ...
